2023-11-16 17:04:57,058 INFO o.s.b.StartupInfoLogger [main] Starting Challenge4Application using Java 17.0.8 with PID 15484 (D:\java\SYNRGY JAVA BE 2\Challenge_4\target\classes started by FAJAR in D:\java\SYNRGY JAVA BE 2\Challenge_4)
2023-11-16 17:04:57,062 INFO o.s.b.SpringApplication [main] No active profile set, falling back to 1 default profile: "default"
2023-11-16 17:04:58,364 INFO o.s.d.r.c.RepositoryConfigurationDelegate [main] Bootstrapping Spring Data JPA repositories in DEFAULT mode.
2023-11-16 17:04:58,442 INFO o.s.d.r.c.RepositoryConfigurationDelegate [main] Finished Spring Data repository scanning in 68 ms. Found 6 JPA repository interfaces.
2023-11-16 17:04:59,081 INFO o.s.b.w.e.t.TomcatWebServer [main] Tomcat initialized with port(s): 8080 (http)
2023-11-16 17:04:59,090 INFO o.a.j.l.DirectJDKLog [main] Initializing ProtocolHandler ["http-nio-8080"]
2023-11-16 17:04:59,093 INFO o.a.j.l.DirectJDKLog [main] Starting service [Tomcat]
2023-11-16 17:04:59,093 INFO o.a.j.l.DirectJDKLog [main] Starting Servlet engine: [Apache Tomcat/10.1.15]
2023-11-16 17:04:59,205 INFO o.a.j.l.DirectJDKLog [main] Initializing Spring embedded WebApplicationContext
2023-11-16 17:04:59,206 INFO o.s.b.w.s.c.ServletWebServerApplicationContext [main] Root WebApplicationContext: initialization completed in 2079 ms
2023-11-16 17:04:59,486 INFO o.h.j.i.u.LogHelper [main] HHH000204: Processing PersistenceUnitInfo [name: default]
2023-11-16 17:04:59,578 INFO o.h.Version [main] HHH000412: Hibernate ORM core version 6.2.13.Final
2023-11-16 17:04:59,581 INFO o.h.c.Environment [main] HHH000406: Using bytecode reflection optimizer
2023-11-16 17:04:59,914 INFO o.s.o.j.p.SpringPersistenceUnitInfo [main] No LoadTimeWeaver setup: ignoring JPA class transformer
2023-11-16 17:04:59,944 INFO c.z.h.HikariDataSource [main] HikariPool-1 - Starting...
2023-11-16 17:05:00,201 INFO c.z.h.p.HikariPool [main] HikariPool-1 - Added connection org.postgresql.jdbc.PgConnection@52a67293
2023-11-16 17:05:00,203 INFO c.z.h.HikariDataSource [main] HikariPool-1 - Start completed.
2023-11-16 17:05:00,270 WARN o.h.e.j.d.i.DialectFactoryImpl [main] HHH90000025: PostgreSQLDialect does not need to be specified explicitly using 'hibernate.dialect' (remove the property setting and it will be selected by default)
2023-11-16 17:05:01,417 INFO o.h.e.t.j.p.i.JtaPlatformInitiator [main] HHH000489: No JTA platform available (set 'hibernate.transaction.jta.platform' to enable JTA platform integration)
2023-11-16 17:05:01,607 INFO o.s.o.j.AbstractEntityManagerFactoryBean [main] Initialized JPA EntityManagerFactory for persistence unit 'default'
2023-11-16 17:05:02,003 INFO o.s.d.j.r.q.QueryEnhancerFactory [main] Hibernate is in classpath; If applicable, HQL parser will be used.
2023-11-16 17:05:02,571 WARN o.s.b.a.o.j.JpaBaseConfiguration$JpaWebConfiguration [main] spring.jpa.open-in-view is enabled by default. Therefore, database queries may be performed during view rendering. Explicitly configure spring.jpa.open-in-view to disable this warning
2023-11-16 17:05:02,950 INFO o.a.j.l.DirectJDKLog [main] Starting ProtocolHandler ["http-nio-8080"]
2023-11-16 17:05:02,971 INFO o.s.b.w.e.t.TomcatWebServer [main] Tomcat started on port(s): 8080 (http) with context path ''
2023-11-16 17:05:02,980 INFO o.s.b.StartupInfoLogger [main] Started Challenge4Application in 6.673 seconds (process running for 7.762)
2023-11-16 17:08:33,844 INFO o.a.j.l.DirectJDKLog [http-nio-8080-exec-3] Initializing Spring DispatcherServlet 'dispatcherServlet'
2023-11-16 17:08:33,845 INFO o.s.w.s.FrameworkServlet [http-nio-8080-exec-3] Initializing Servlet 'dispatcherServlet'
2023-11-16 17:08:33,848 INFO o.s.w.s.FrameworkServlet [http-nio-8080-exec-3] Completed initialization in 2 ms
2023-11-16 17:08:34,095 INFO b.C.s.ProductServiceImpl [http-nio-8080-exec-3] binarfud.Challenge_4.model.Product@64878456
2023-11-16 17:08:34,180 INFO b.C.c.ProductController [http-nio-8080-exec-3] binarfud.Challenge_4.model.Product@64878456
2023-11-16 17:08:36,598 INFO b.C.s.ProductServiceImpl [http-nio-8080-exec-2] binarfud.Challenge_4.model.Product@7ac8f558
2023-11-16 17:08:36,601 INFO b.C.c.ProductController [http-nio-8080-exec-2] binarfud.Challenge_4.model.Product@7ac8f558
2023-11-16 17:08:38,177 INFO b.C.s.ProductServiceImpl [http-nio-8080-exec-4] binarfud.Challenge_4.model.Product@4ae01c99
2023-11-16 17:08:38,182 INFO b.C.c.ProductController [http-nio-8080-exec-4] binarfud.Challenge_4.model.Product@4ae01c99
2023-11-16 17:08:39,974 INFO b.C.s.ProductServiceImpl [http-nio-8080-exec-5] binarfud.Challenge_4.model.Product@3dadc5d8
2023-11-16 17:08:39,977 INFO b.C.c.ProductController [http-nio-8080-exec-5] binarfud.Challenge_4.model.Product@3dadc5d8
2023-11-16 17:08:41,800 INFO b.C.s.ProductServiceImpl [http-nio-8080-exec-6] binarfud.Challenge_4.model.Product@5570b3de
2023-11-16 17:08:41,805 INFO b.C.c.ProductController [http-nio-8080-exec-6] binarfud.Challenge_4.model.Product@5570b3de
2023-11-16 17:08:43,459 INFO b.C.s.ProductServiceImpl [http-nio-8080-exec-7] binarfud.Challenge_4.model.Product@516f963b
2023-11-16 17:08:43,464 INFO b.C.c.ProductController [http-nio-8080-exec-7] binarfud.Challenge_4.model.Product@516f963b
2023-11-16 17:08:47,196 INFO b.C.s.ProductServiceImpl [http-nio-8080-exec-8] binarfud.Challenge_4.model.Product@325ac1e9
2023-11-16 17:08:47,201 INFO b.C.c.ProductController [http-nio-8080-exec-8] binarfud.Challenge_4.model.Product@325ac1e9
2023-11-16 17:08:49,098 INFO b.C.s.ProductServiceImpl [http-nio-8080-exec-9] binarfud.Challenge_4.model.Product@25b6a126
2023-11-16 17:08:49,102 INFO b.C.c.ProductController [http-nio-8080-exec-9] binarfud.Challenge_4.model.Product@25b6a126
2023-11-16 17:08:50,794 INFO b.C.s.ProductServiceImpl [http-nio-8080-exec-10] binarfud.Challenge_4.model.Product@8c52096
2023-11-16 17:08:50,797 INFO b.C.c.ProductController [http-nio-8080-exec-10] binarfud.Challenge_4.model.Product@8c52096
2023-11-16 17:08:52,470 INFO b.C.s.ProductServiceImpl [http-nio-8080-exec-1] binarfud.Challenge_4.model.Product@708c3bd
2023-11-16 17:08:52,473 INFO b.C.c.ProductController [http-nio-8080-exec-1] binarfud.Challenge_4.model.Product@708c3bd
2023-11-16 17:08:54,472 INFO b.C.s.ProductServiceImpl [http-nio-8080-exec-3] binarfud.Challenge_4.model.Product@e97cafe
2023-11-16 17:08:54,475 INFO b.C.c.ProductController [http-nio-8080-exec-3] binarfud.Challenge_4.model.Product@e97cafe
2023-11-16 17:08:59,768 INFO b.C.s.ProductServiceImpl [http-nio-8080-exec-2] binarfud.Challenge_4.model.Product@539cb9d2
2023-11-16 17:08:59,771 INFO b.C.c.ProductController [http-nio-8080-exec-2] binarfud.Challenge_4.model.Product@539cb9d2
2023-11-16 17:09:01,792 INFO b.C.s.ProductServiceImpl [http-nio-8080-exec-4] binarfud.Challenge_4.model.Product@1d5b5553
2023-11-16 17:09:01,795 INFO b.C.c.ProductController [http-nio-8080-exec-4] binarfud.Challenge_4.model.Product@1d5b5553
2023-11-16 17:09:03,036 INFO b.C.s.ProductServiceImpl [http-nio-8080-exec-5] binarfud.Challenge_4.model.Product@15d6c503
2023-11-16 17:09:03,050 INFO b.C.c.ProductController [http-nio-8080-exec-5] binarfud.Challenge_4.model.Product@15d6c503
2023-11-16 17:09:04,143 INFO b.C.s.ProductServiceImpl [http-nio-8080-exec-6] binarfud.Challenge_4.model.Product@ae43f66
2023-11-16 17:09:04,146 INFO b.C.c.ProductController [http-nio-8080-exec-6] binarfud.Challenge_4.model.Product@ae43f66
2023-11-16 17:09:05,061 INFO b.C.s.ProductServiceImpl [http-nio-8080-exec-7] binarfud.Challenge_4.model.Product@571d4833
2023-11-16 17:09:05,076 INFO b.C.c.ProductController [http-nio-8080-exec-7] binarfud.Challenge_4.model.Product@571d4833
2023-11-16 17:09:14,956 INFO b.C.s.ProductServiceImpl [http-nio-8080-exec-8] binarfud.Challenge_4.model.Product@2931c61b
2023-11-16 17:09:14,973 INFO b.C.c.ProductController [http-nio-8080-exec-8] binarfud.Challenge_4.model.Product@2931c61b
2023-11-16 17:13:51,980 INFO o.s.o.j.AbstractEntityManagerFactoryBean [SpringApplicationShutdownHook] Closing JPA EntityManagerFactory for persistence unit 'default'
2023-11-16 17:13:51,984 INFO c.z.h.HikariDataSource [SpringApplicationShutdownHook] HikariPool-1 - Shutdown initiated...
2023-11-16 17:13:51,988 INFO c.z.h.HikariDataSource [SpringApplicationShutdownHook] HikariPool-1 - Shutdown completed.
