2023-11-03 13:17:22,071 INFO o.s.b.StartupInfoLogger [main] Starting Challenge4Application using Java 17.0.8 with PID 9256 (D:\java\SYNRGY JAVA BE 2\Challenge_4\target\classes started by FAJAR in D:\java\SYNRGY JAVA BE 2\Challenge_4)
2023-11-03 13:17:22,075 INFO o.s.b.SpringApplication [main] No active profile set, falling back to 1 default profile: "default"
2023-11-03 13:17:23,088 INFO o.s.d.r.c.RepositoryConfigurationDelegate [main] Bootstrapping Spring Data JPA repositories in DEFAULT mode.
2023-11-03 13:17:23,176 INFO o.s.d.r.c.RepositoryConfigurationDelegate [main] Finished Spring Data repository scanning in 78 ms. Found 6 JPA repository interfaces.
2023-11-03 13:17:23,844 INFO o.s.b.w.e.t.TomcatWebServer [main] Tomcat initialized with port(s): 8080 (http)
2023-11-03 13:17:23,855 INFO o.a.j.l.DirectJDKLog [main] Initializing ProtocolHandler ["http-nio-8080"]
2023-11-03 13:17:23,858 INFO o.a.j.l.DirectJDKLog [main] Starting service [Tomcat]
2023-11-03 13:17:23,859 INFO o.a.j.l.DirectJDKLog [main] Starting Servlet engine: [Apache Tomcat/10.1.15]
2023-11-03 13:17:23,964 INFO o.a.j.l.DirectJDKLog [main] Initializing Spring embedded WebApplicationContext
2023-11-03 13:17:23,966 INFO o.s.b.w.s.c.ServletWebServerApplicationContext [main] Root WebApplicationContext: initialization completed in 1827 ms
2023-11-03 13:17:24,188 INFO o.h.j.i.u.LogHelper [main] HHH000204: Processing PersistenceUnitInfo [name: default]
2023-11-03 13:17:24,250 INFO o.h.Version [main] HHH000412: Hibernate ORM core version 6.2.13.Final
2023-11-03 13:17:24,253 INFO o.h.c.Environment [main] HHH000406: Using bytecode reflection optimizer
2023-11-03 13:17:24,656 INFO o.s.o.j.p.SpringPersistenceUnitInfo [main] No LoadTimeWeaver setup: ignoring JPA class transformer
2023-11-03 13:17:24,683 INFO c.z.h.HikariDataSource [main] HikariPool-1 - Starting...
2023-11-03 13:17:25,071 INFO c.z.h.p.HikariPool [main] HikariPool-1 - Added connection org.postgresql.jdbc.PgConnection@314b7945
2023-11-03 13:17:25,073 INFO c.z.h.HikariDataSource [main] HikariPool-1 - Start completed.
2023-11-03 13:17:25,155 WARN o.h.e.j.d.i.DialectFactoryImpl [main] HHH90000025: PostgreSQLDialect does not need to be specified explicitly using 'hibernate.dialect' (remove the property setting and it will be selected by default)
2023-11-03 13:17:26,245 INFO o.h.e.t.j.p.i.JtaPlatformInitiator [main] HHH000489: No JTA platform available (set 'hibernate.transaction.jta.platform' to enable JTA platform integration)
2023-11-03 13:17:26,451 INFO o.s.o.j.AbstractEntityManagerFactoryBean [main] Initialized JPA EntityManagerFactory for persistence unit 'default'
2023-11-03 13:17:26,984 WARN o.s.b.a.o.j.JpaBaseConfiguration$JpaWebConfiguration [main] spring.jpa.open-in-view is enabled by default. Therefore, database queries may be performed during view rendering. Explicitly configure spring.jpa.open-in-view to disable this warning
2023-11-03 13:17:27,335 INFO o.a.j.l.DirectJDKLog [main] Starting ProtocolHandler ["http-nio-8080"]
2023-11-03 13:17:27,357 INFO o.s.b.w.e.t.TomcatWebServer [main] Tomcat started on port(s): 8080 (http) with context path ''
2023-11-03 13:17:27,369 INFO o.s.b.StartupInfoLogger [main] Started Challenge4Application in 5.973 seconds (process running for 9.519)
2023-11-03 13:19:24,565 INFO o.a.j.l.DirectJDKLog [http-nio-8080-exec-1] Initializing Spring DispatcherServlet 'dispatcherServlet'
2023-11-03 13:19:24,567 INFO o.s.w.s.FrameworkServlet [http-nio-8080-exec-1] Initializing Servlet 'dispatcherServlet'
2023-11-03 13:19:24,571 INFO o.s.w.s.FrameworkServlet [http-nio-8080-exec-1] Completed initialization in 4 ms
2023-11-03 13:19:24,783 WARN o.s.c.l.CompositeLog [http-nio-8080-exec-1] Failed to evaluate Jackson deserialization for type [[simple type, class binarfud.Challenge_4.model.Account]]: com.fasterxml.jackson.databind.exc.InvalidDefinitionException: Multiple back-reference properties with name 'defaultReference'
2023-11-03 13:19:24,792 WARN o.s.c.l.CompositeLog [http-nio-8080-exec-1] Failed to evaluate Jackson deserialization for type [[simple type, class binarfud.Challenge_4.model.Account]]: com.fasterxml.jackson.databind.exc.InvalidDefinitionException: Multiple back-reference properties with name 'defaultReference'
2023-11-03 13:19:24,806 WARN o.s.w.s.h.AbstractHandlerExceptionResolver [http-nio-8080-exec-1] Resolved [org.springframework.web.HttpMediaTypeNotSupportedException: Content-Type 'application/json;charset=UTF-8' is not supported]
2023-11-03 13:21:13,707 INFO o.s.o.j.AbstractEntityManagerFactoryBean [SpringApplicationShutdownHook] Closing JPA EntityManagerFactory for persistence unit 'default'
2023-11-03 13:21:13,710 INFO c.z.h.HikariDataSource [SpringApplicationShutdownHook] HikariPool-1 - Shutdown initiated...
2023-11-03 13:21:13,716 INFO c.z.h.HikariDataSource [SpringApplicationShutdownHook] HikariPool-1 - Shutdown completed.
2023-11-03 13:30:33,613 INFO o.s.b.StartupInfoLogger [main] Starting Challenge4Application using Java 17.0.8 with PID 16260 (D:\java\SYNRGY JAVA BE 2\Challenge_4\target\classes started by FAJAR in D:\java\SYNRGY JAVA BE 2\Challenge_4)
2023-11-03 13:30:33,618 INFO o.s.b.SpringApplication [main] No active profile set, falling back to 1 default profile: "default"
2023-11-03 13:30:34,581 INFO o.s.d.r.c.RepositoryConfigurationDelegate [main] Bootstrapping Spring Data JPA repositories in DEFAULT mode.
2023-11-03 13:30:34,667 INFO o.s.d.r.c.RepositoryConfigurationDelegate [main] Finished Spring Data repository scanning in 75 ms. Found 6 JPA repository interfaces.
2023-11-03 13:30:35,377 INFO o.s.b.w.e.t.TomcatWebServer [main] Tomcat initialized with port(s): 8080 (http)
2023-11-03 13:30:35,385 INFO o.a.j.l.DirectJDKLog [main] Initializing ProtocolHandler ["http-nio-8080"]
2023-11-03 13:30:35,388 INFO o.a.j.l.DirectJDKLog [main] Starting service [Tomcat]
2023-11-03 13:30:35,389 INFO o.a.j.l.DirectJDKLog [main] Starting Servlet engine: [Apache Tomcat/10.1.15]
2023-11-03 13:30:35,489 INFO o.a.j.l.DirectJDKLog [main] Initializing Spring embedded WebApplicationContext
2023-11-03 13:30:35,491 INFO o.s.b.w.s.c.ServletWebServerApplicationContext [main] Root WebApplicationContext: initialization completed in 1783 ms
2023-11-03 13:30:35,683 INFO o.h.j.i.u.LogHelper [main] HHH000204: Processing PersistenceUnitInfo [name: default]
2023-11-03 13:30:35,731 INFO o.h.Version [main] HHH000412: Hibernate ORM core version 6.2.13.Final
2023-11-03 13:30:35,734 INFO o.h.c.Environment [main] HHH000406: Using bytecode reflection optimizer
2023-11-03 13:30:36,015 INFO o.s.o.j.p.SpringPersistenceUnitInfo [main] No LoadTimeWeaver setup: ignoring JPA class transformer
2023-11-03 13:30:36,040 INFO c.z.h.HikariDataSource [main] HikariPool-1 - Starting...
2023-11-03 13:30:36,259 INFO c.z.h.p.HikariPool [main] HikariPool-1 - Added connection org.postgresql.jdbc.PgConnection@19ae36f4
2023-11-03 13:30:36,261 INFO c.z.h.HikariDataSource [main] HikariPool-1 - Start completed.
2023-11-03 13:30:36,301 WARN o.h.e.j.d.i.DialectFactoryImpl [main] HHH90000025: PostgreSQLDialect does not need to be specified explicitly using 'hibernate.dialect' (remove the property setting and it will be selected by default)
2023-11-03 13:30:37,308 INFO o.h.e.t.j.p.i.JtaPlatformInitiator [main] HHH000489: No JTA platform available (set 'hibernate.transaction.jta.platform' to enable JTA platform integration)
2023-11-03 13:30:37,462 INFO o.s.o.j.AbstractEntityManagerFactoryBean [main] Initialized JPA EntityManagerFactory for persistence unit 'default'
2023-11-03 13:30:37,999 WARN o.s.b.a.o.j.JpaBaseConfiguration$JpaWebConfiguration [main] spring.jpa.open-in-view is enabled by default. Therefore, database queries may be performed during view rendering. Explicitly configure spring.jpa.open-in-view to disable this warning
2023-11-03 13:30:38,317 INFO o.a.j.l.DirectJDKLog [main] Starting ProtocolHandler ["http-nio-8080"]
2023-11-03 13:30:38,337 INFO o.s.b.w.e.t.TomcatWebServer [main] Tomcat started on port(s): 8080 (http) with context path ''
2023-11-03 13:30:38,347 INFO o.s.b.StartupInfoLogger [main] Started Challenge4Application in 5.795 seconds (process running for 6.549)
2023-11-03 13:31:02,278 INFO o.a.j.l.DirectJDKLog [http-nio-8080-exec-2] Initializing Spring DispatcherServlet 'dispatcherServlet'
2023-11-03 13:31:02,278 INFO o.s.w.s.FrameworkServlet [http-nio-8080-exec-2] Initializing Servlet 'dispatcherServlet'
2023-11-03 13:31:02,280 INFO o.s.w.s.FrameworkServlet [http-nio-8080-exec-2] Completed initialization in 2 ms
2023-11-03 13:31:02,398 WARN o.s.c.l.CompositeLog [http-nio-8080-exec-2] Failed to evaluate Jackson deserialization for type [[simple type, class binarfud.Challenge_4.model.Account]]: com.fasterxml.jackson.databind.exc.InvalidDefinitionException: Multiple back-reference properties with name 'defaultReference'
2023-11-03 13:31:02,402 WARN o.s.c.l.CompositeLog [http-nio-8080-exec-2] Failed to evaluate Jackson deserialization for type [[simple type, class binarfud.Challenge_4.model.Account]]: com.fasterxml.jackson.databind.exc.InvalidDefinitionException: Multiple back-reference properties with name 'defaultReference'
2023-11-03 13:31:02,417 WARN o.s.w.s.h.AbstractHandlerExceptionResolver [http-nio-8080-exec-2] Resolved [org.springframework.web.HttpMediaTypeNotSupportedException: Content-Type 'application/json;charset=UTF-8' is not supported]
2023-11-03 13:31:07,710 WARN o.s.c.l.CompositeLog [http-nio-8080-exec-4] Failed to evaluate Jackson deserialization for type [[simple type, class binarfud.Challenge_4.model.Account]]: com.fasterxml.jackson.databind.exc.InvalidDefinitionException: Multiple back-reference properties with name 'defaultReference'
2023-11-03 13:31:07,713 WARN o.s.c.l.CompositeLog [http-nio-8080-exec-4] Failed to evaluate Jackson deserialization for type [[simple type, class binarfud.Challenge_4.model.Account]]: com.fasterxml.jackson.databind.exc.InvalidDefinitionException: Multiple back-reference properties with name 'defaultReference'
2023-11-03 13:31:07,714 WARN o.s.w.s.h.AbstractHandlerExceptionResolver [http-nio-8080-exec-4] Resolved [org.springframework.web.HttpMediaTypeNotSupportedException: Content-Type 'application/json;charset=UTF-8' is not supported]
2023-11-03 13:31:53,931 INFO o.s.o.j.AbstractEntityManagerFactoryBean [SpringApplicationShutdownHook] Closing JPA EntityManagerFactory for persistence unit 'default'
2023-11-03 13:31:53,935 INFO c.z.h.HikariDataSource [SpringApplicationShutdownHook] HikariPool-1 - Shutdown initiated...
2023-11-03 13:31:53,941 INFO c.z.h.HikariDataSource [SpringApplicationShutdownHook] HikariPool-1 - Shutdown completed.
2023-11-03 17:49:39,726 INFO o.s.b.StartupInfoLogger [main] Starting Challenge4Application using Java 17.0.8 with PID 17836 (D:\java\SYNRGY JAVA BE 2\Challenge_4\target\classes started by FAJAR in D:\java\SYNRGY JAVA BE 2\Challenge_4)
2023-11-03 17:49:39,730 INFO o.s.b.SpringApplication [main] No active profile set, falling back to 1 default profile: "default"
2023-11-03 17:49:41,052 INFO o.s.d.r.c.RepositoryConfigurationDelegate [main] Bootstrapping Spring Data JPA repositories in DEFAULT mode.
2023-11-03 17:49:41,138 INFO o.s.d.r.c.RepositoryConfigurationDelegate [main] Finished Spring Data repository scanning in 76 ms. Found 6 JPA repository interfaces.
2023-11-03 17:49:41,857 INFO o.s.b.w.e.t.TomcatWebServer [main] Tomcat initialized with port(s): 8080 (http)
2023-11-03 17:49:41,868 INFO o.a.j.l.DirectJDKLog [main] Initializing ProtocolHandler ["http-nio-8080"]
2023-11-03 17:49:41,872 INFO o.a.j.l.DirectJDKLog [main] Starting service [Tomcat]
2023-11-03 17:49:41,872 INFO o.a.j.l.DirectJDKLog [main] Starting Servlet engine: [Apache Tomcat/10.1.15]
2023-11-03 17:49:41,979 INFO o.a.j.l.DirectJDKLog [main] Initializing Spring embedded WebApplicationContext
2023-11-03 17:49:41,981 INFO o.s.b.w.s.c.ServletWebServerApplicationContext [main] Root WebApplicationContext: initialization completed in 2182 ms
2023-11-03 17:49:42,187 INFO o.h.j.i.u.LogHelper [main] HHH000204: Processing PersistenceUnitInfo [name: default]
2023-11-03 17:49:42,292 INFO o.h.Version [main] HHH000412: Hibernate ORM core version 6.2.13.Final
2023-11-03 17:49:42,297 INFO o.h.c.Environment [main] HHH000406: Using bytecode reflection optimizer
2023-11-03 17:49:42,644 INFO o.s.o.j.p.SpringPersistenceUnitInfo [main] No LoadTimeWeaver setup: ignoring JPA class transformer
2023-11-03 17:49:42,675 INFO c.z.h.HikariDataSource [main] HikariPool-1 - Starting...
2023-11-03 17:49:43,046 INFO c.z.h.p.HikariPool [main] HikariPool-1 - Added connection org.postgresql.jdbc.PgConnection@4aa22cc2
2023-11-03 17:49:43,048 INFO c.z.h.HikariDataSource [main] HikariPool-1 - Start completed.
2023-11-03 17:49:43,101 WARN o.h.e.j.d.i.DialectFactoryImpl [main] HHH90000025: PostgreSQLDialect does not need to be specified explicitly using 'hibernate.dialect' (remove the property setting and it will be selected by default)
2023-11-03 17:49:44,239 INFO o.h.e.t.j.p.i.JtaPlatformInitiator [main] HHH000489: No JTA platform available (set 'hibernate.transaction.jta.platform' to enable JTA platform integration)
2023-11-03 17:49:44,397 INFO o.s.o.j.AbstractEntityManagerFactoryBean [main] Initialized JPA EntityManagerFactory for persistence unit 'default'
2023-11-03 17:49:44,992 WARN o.s.b.a.o.j.JpaBaseConfiguration$JpaWebConfiguration [main] spring.jpa.open-in-view is enabled by default. Therefore, database queries may be performed during view rendering. Explicitly configure spring.jpa.open-in-view to disable this warning
2023-11-03 17:49:45,321 INFO o.a.j.l.DirectJDKLog [main] Starting ProtocolHandler ["http-nio-8080"]
2023-11-03 17:49:45,342 INFO o.s.b.w.e.t.TomcatWebServer [main] Tomcat started on port(s): 8080 (http) with context path ''
2023-11-03 17:49:45,352 INFO o.s.b.StartupInfoLogger [main] Started Challenge4Application in 6.363 seconds (process running for 7.714)
2023-11-03 17:49:59,677 INFO o.a.j.l.DirectJDKLog [http-nio-8080-exec-1] Initializing Spring DispatcherServlet 'dispatcherServlet'
2023-11-03 17:49:59,677 INFO o.s.w.s.FrameworkServlet [http-nio-8080-exec-1] Initializing Servlet 'dispatcherServlet'
2023-11-03 17:49:59,679 INFO o.s.w.s.FrameworkServlet [http-nio-8080-exec-1] Completed initialization in 1 ms
2023-11-03 17:49:59,784 WARN o.s.c.l.CompositeLog [http-nio-8080-exec-1] Failed to evaluate Jackson deserialization for type [[simple type, class binarfud.Challenge_4.model.Account]]: com.fasterxml.jackson.databind.exc.InvalidDefinitionException: Multiple back-reference properties with name 'defaultReference'
2023-11-03 17:49:59,787 WARN o.s.c.l.CompositeLog [http-nio-8080-exec-1] Failed to evaluate Jackson deserialization for type [[simple type, class binarfud.Challenge_4.model.Account]]: com.fasterxml.jackson.databind.exc.InvalidDefinitionException: Multiple back-reference properties with name 'defaultReference'
2023-11-03 17:49:59,797 WARN o.s.w.s.h.AbstractHandlerExceptionResolver [http-nio-8080-exec-1] Resolved [org.springframework.web.HttpMediaTypeNotSupportedException: Content-Type 'application/json;charset=UTF-8' is not supported]
2023-11-03 17:52:10,081 WARN o.s.c.l.CompositeLog [http-nio-8080-exec-5] Failed to evaluate Jackson deserialization for type [[simple type, class binarfud.Challenge_4.model.Account]]: com.fasterxml.jackson.databind.exc.InvalidDefinitionException: Multiple back-reference properties with name 'defaultReference'
2023-11-03 17:52:10,084 WARN o.s.c.l.CompositeLog [http-nio-8080-exec-5] Failed to evaluate Jackson deserialization for type [[simple type, class binarfud.Challenge_4.model.Account]]: com.fasterxml.jackson.databind.exc.InvalidDefinitionException: Multiple back-reference properties with name 'defaultReference'
2023-11-03 17:52:10,086 WARN o.s.w.s.h.AbstractHandlerExceptionResolver [http-nio-8080-exec-5] Resolved [org.springframework.web.HttpMediaTypeNotSupportedException: Content-Type 'application/json;charset=UTF-8' is not supported]
2023-11-03 17:53:13,251 INFO o.s.o.j.AbstractEntityManagerFactoryBean [SpringApplicationShutdownHook] Closing JPA EntityManagerFactory for persistence unit 'default'
2023-11-03 17:53:13,254 INFO c.z.h.HikariDataSource [SpringApplicationShutdownHook] HikariPool-1 - Shutdown initiated...
2023-11-03 17:53:13,260 INFO c.z.h.HikariDataSource [SpringApplicationShutdownHook] HikariPool-1 - Shutdown completed.
